Determining if the pthread_create exist failed with the following output:
Change Dir: /home/yupengw/Course/coursInClemson/4050/project/p2/build/CMakeFiles/CMakeTmp

Run Build Command:/usr/bin/make "cmTryCompileExec2962772109/fast"
/usr/bin/make -f CMakeFiles/cmTryCompileExec2962772109.dir/build.make CMakeFiles/cmTryCompileExec2962772109.dir/build
make[1]: Entering directory `/home/yupengw/Course/coursInClemson/4050/project/p2/build/CMakeFiles/CMakeTmp'
/usr/bin/cmake -E cmake_progress_report /home/yupengw/Course/coursInClemson/4050/project/p2/build/CMakeFiles/CMakeTmp/CMakeFiles 1
Building C object CMakeFiles/cmTryCompileExec2962772109.dir/CheckSymbolExists.c.o
/usr/bin/cc    -o CMakeFiles/cmTryCompileExec2962772109.dir/CheckSymbolExists.c.o   -c /home/yupengw/Course/coursInClemson/4050/project/p2/build/CMakeFiles/CMakeTmp/CheckSymbolExists.c
Linking C executable cmTryCompileExec2962772109
/usr/bin/cmake -E cmake_link_script CMakeFiles/cmTryCompileExec2962772109.dir/link.txt --verbose=1
/usr/bin/cc       CMakeFiles/cmTryCompileExec2962772109.dir/CheckSymbolExists.c.o  -o cmTryCompileExec2962772109 -rdynamic 
CMakeFiles/cmTryCompileExec2962772109.dir/CheckSymbolExists.c.o: In function `main':
CheckSymbolExists.c:(.text+0x16): undefined reference to `pthread_create'
collect2: error: ld returned 1 exit status
make[1]: Leaving directory `/home/yupengw/Course/coursInClemson/4050/project/p2/build/CMakeFiles/CMakeTmp'
make[1]: *** [cmTryCompileExec2962772109] Error 1
make: *** [cmTryCompileExec2962772109/fast] Error 2

File /home/yupengw/Course/coursInClemson/4050/project/p2/build/CMakeFiles/CMakeTmp/CheckSymbolExists.c:
/* */
#include <pthread.h>

int main(int argc, char** argv)
{
  (void)argv;
#ifndef pthread_create
  return ((int*)(&pthread_create))[argc];
#else
  (void)argc;
  return 0;
#endif
}

Determining if the function pthread_create exists in the pthreads failed with the following output:
Change Dir: /home/yupengw/Course/coursInClemson/4050/project/p2/build/CMakeFiles/CMakeTmp

Run Build Command:/usr/bin/make "cmTryCompileExec51377526/fast"
/usr/bin/make -f CMakeFiles/cmTryCompileExec51377526.dir/build.make CMakeFiles/cmTryCompileExec51377526.dir/build
make[1]: Entering directory `/home/yupengw/Course/coursInClemson/4050/project/p2/build/CMakeFiles/CMakeTmp'
/usr/bin/cmake -E cmake_progress_report /home/yupengw/Course/coursInClemson/4050/project/p2/build/CMakeFiles/CMakeTmp/CMakeFiles 1
Building C object CMakeFiles/cmTryCompileExec51377526.dir/CheckFunctionExists.c.o
/usr/bin/cc   -DCHECK_FUNCTION_EXISTS=pthread_create   -o CMakeFiles/cmTryCompileExec51377526.dir/CheckFunctionExists.c.o   -c /usr/share/cmake-2.8/Modules/CheckFunctionExists.c
Linking C executable cmTryCompileExec51377526
/usr/bin/cmake -E cmake_link_script CMakeFiles/cmTryCompileExec51377526.dir/link.txt --verbose=1
/usr/bin/cc   -DCHECK_FUNCTION_EXISTS=pthread_create    CMakeFiles/cmTryCompileExec51377526.dir/CheckFunctionExists.c.o  -o cmTryCompileExec51377526 -rdynamic -lpthreads 
/usr/bin/ld: cannot find -lpthreads
collect2: error: ld returned 1 exit status
make[1]: Leaving directory `/home/yupengw/Course/coursInClemson/4050/project/p2/build/CMakeFiles/CMakeTmp'
make[1]: *** [cmTryCompileExec51377526] Error 1
make: *** [cmTryCompileExec51377526/fast] Error 2


